\BOOKMARK [1][-]{section.1}{Introduction}{}% 1
\BOOKMARK [1][-]{section.2}{Preparing\040dataset}{}% 2
\BOOKMARK [2][-]{subsection.2.1}{Fetch\040all\040images}{section.2}% 3
\BOOKMARK [2][-]{subsection.2.2}{Remove\040duplicate\040images}{section.2}% 4
\BOOKMARK [2][-]{subsection.2.3}{Remove\040broken\040images}{section.2}% 5
\BOOKMARK [1][-]{section.3}{Unsuppervised\040Deep\040Learning}{}% 6
\BOOKMARK [2][-]{subsection.3.1}{Trying\040to\040run\040the\040implement\040code\040with\040MNIST\040dataset}{section.3}% 7
\BOOKMARK [3][-]{subsubsection.3.1.1}{Failure\040when\040training\040with\040CPU}{subsection.3.1}% 8
\BOOKMARK [3][-]{subsubsection.3.1.2}{Run\040success\040with\040GPU}{subsection.3.1}% 9
\BOOKMARK [3][-]{subsubsection.3.1.3}{Build\040caffe\040deploy\040network\040model}{subsection.3.1}% 10
\BOOKMARK [3][-]{subsubsection.3.1.4}{Acquire\040and\040analytics\040the\040test\040result}{subsection.3.1}% 11
\BOOKMARK [3][-]{subsubsection.3.1.5}{Found\040the\040correct\040way\040to\040achieve\040the\040result}{subsection.3.1}% 12
\BOOKMARK [3][-]{subsubsection.3.1.6}{Convert\040binary\040images\040into\040displayable\040images}{subsection.3.1}% 13
\BOOKMARK [3][-]{subsubsection.3.1.7}{Classify\040image\040dataset\040into\040X\040classes}{subsection.3.1}% 14
\BOOKMARK [3][-]{subsubsection.3.1.8}{Generate\040the\040test\040summary\040result}{subsection.3.1}% 15
\BOOKMARK [3][-]{subsubsection.3.1.9}{Acquire\040and\040analytics\040the\040test\040result}{subsection.3.1}% 16
\BOOKMARK [2][-]{subsection.3.2}{Trying\040to\040run\040the\040implement\040code\040with\040STL\040dataset}{section.3}% 17
\BOOKMARK [2][-]{subsection.3.3}{Preparing\040we\040own\040image\040dataset}{section.3}% 18
\BOOKMARK [1][-]{section.4}{Supervised\040Deep\040Learning}{}% 19
\BOOKMARK [2][-]{subsection.4.1}{Train\040a\040CNN\040model\040with\040a\040test\040dataset}{section.4}% 20
\BOOKMARK [3][-]{subsubsection.4.1.1}{Preparing\040test\040dataset\040based\040on\040original\040dataset}{subsection.4.1}% 21
\BOOKMARK [3][-]{subsubsection.4.1.2}{The\040caffe\040model\040for\040this\040CNN}{subsection.4.1}% 22
\BOOKMARK [3][-]{subsubsection.4.1.3}{The\040slover\040definition}{subsection.4.1}% 23
\BOOKMARK [3][-]{subsubsection.4.1.4}{Acquire\040and\040analytics\040the\040test\040result}{subsection.4.1}% 24
\BOOKMARK [3][-]{subsubsection.4.1.5}{Resolution\040problem}{subsection.4.1}% 25
\BOOKMARK [1][-]{section.5}{Result\040and\040Analysis}{}% 26
